INFO    : PreTeXt project found in `/Users/washingtoncollege/Documents/GitHub/probproj`.
INFO    : Preparing to deploy from active `main` git branch.
INFO    : 
INFO    : Using latest build located in `/Users/washingtoncollege/Documents/GitHub/probproj/output/web`.
INFO    : 
INFO    : Commiting your latest build to the `gh-pages` branch.
INFO    : 
INFO    : Attempting to connect to remote repository at `git@github.com:drspoulsen/probproj.git`...
INFO    : (Your SSH password may be required.)
INFO    : 
INFO    : 
INFO    : Latest build successfully pushed to GitHub!
INFO    : 
INFO    : To enable GitHub Pages, visit
INFO    :     https://github.com/drspoulsen/probproj/settings/pages
INFO    : selecting the `gh-pages` branch with the `/ (root)` folder.
INFO    : 
INFO    : Visit
INFO    :     https://github.com/drspoulsen/probproj/actions/
INFO    : to check on the status of your GitHub Pages deployment.
INFO    : 
INFO    : Your built project will soon be available to the public at:
INFO    :     https://drspoulsen.github.io/probproj/
